C51 COMPILER V9.60.0.0   DELAY                                                             06/30/2019 09:46:19 PAGE 1   


C51 COMPILER V9.60.0.0, COMPILATION OF MODULE DELAY
OBJECT MODULE PLACED IN .\Objects\delay.obj
COMPILER INVOKED BY: C:\Keil_v5\C51\BIN\C51.EXE src\universal\delay.c OPTIMIZE(8,SPEED) BROWSE DEBUG OBJECTEXTEND PRINT(
                    -.\Listings\delay.lst) TABS(2) OBJECT(.\Objects\delay.obj)

line level    source

   1          #include "delay.h"
   2          
   3          void Delay50Us(uint8 n) {
   4   1        uint8 i;
   5   1        for (; n > 0; n--) {
   6   2          for (i = 2; i > 0; i--) {
   7   3            continue;
   8   3          }
   9   2        }
  10   1      }
  11          
  12          void Delay1Ms(uint8 n) {
  13   1        uint8 i;
  14   1        for (; n > 0; n--) {
  15   2          for (i = 98; i > 0; i--) {
  16   3            continue;
  17   3          }
  18   2        }
  19   1      }
  20          
  21          void Delay50Ms(uint8 n) {
  22   1        uint16 i;
  23   1        for (; n > 0; n--) {
  24   2          for (i = 6243; i > 0; i--) {
  25   3            continue;
  26   3          }
  27   2        }
  28   1      }
  29          
  30          void Delay1S(uint8 n) {
  31   1        uint8 i, j, k, l;
  32   1        for (; n > 0; n--) {
  33   2          for (i = 20; i > 0; i--) {
  34   3            for (j = 88; j > 0; j--) {
  35   4              for (k = 55; k > 0; k--) {
  36   5                continue;
  37   5              }
  38   4            }
  39   3          }
  40   2        }
  41   1      }
*** WARNING C280 IN LINE 31 OF src\universal\delay.c: 'l': unreferenced local variable


MODULE INFORMATION:   STATIC OVERLAYABLE
   CODE SIZE        =    144    ----
   CONSTANT SIZE    =   ----    ----
   XDATA SIZE       =   ----    ----
   PDATA SIZE       =   ----    ----
   DATA SIZE        =   ----       1
   IDATA SIZE       =   ----    ----
   BIT SIZE         =   ----    ----
END OF MODULE INFORMATION.


C51 COMPILATION COMPLETE.  1 WARNING(S),  0 ERROR(S)
